# JRE version: Java(TM) SE Runtime Environment (8.0_77-b03) (build 1.8.0_77-b03)
# Java VM: Java HotSpot(TM) 64-Bit Server VM (25.77-b03 mixed mode windows-amd64 compressed oops)
Heap:
 PSYoungGen      total 1317888K, used 349175K [0x000000076b380000, 0x00000007bfa00000, 0x00000007c0000000)
  eden space 1254400K, 27% used [0x000000076b380000,0x000000078087de00,0x00000007b7c80000)
  from space 63488K, 0% used [0x00000007bbb00000,0x00000007bbb00000,0x00000007bf900000)
  to   space 64000K, 0% used [0x00000007b7c80000,0x00000007b7c80000,0x00000007bbb00000)
 ParOldGen       total 569856K, used 472435K [0x00000006c1a00000, 0x00000006e4680000, 0x000000076b380000)
  object space 569856K, 82% used [0x00000006c1a00000,0x00000006de75cff0,0x00000006e4680000)
 Metaspace       used 125195K, capacity 136914K, committed 137216K, reserved 1169408K
  class space    used 14544K, capacity 16545K, committed 16640K, reserved 1048576K
GC Heap History (10 events):
Event: 9596.549 GC heap before
{Heap before GC invocations=63 (full 29):
 PSYoungGen      total 1318400K, used 1161474K [0x000000076b380000, 0x00000007c0000000, 0x00000007c0000000)
  eden space 1247744K, 93% used [0x000000076b380000,0x00000007b21c08b8,0x00000007b7600000)
  from space 70656K, 0% used [0x00000007b7600000,0x00000007b7600000,0x00000007bbb00000)
  to   space 68096K, 0% used [0x00000007bbd80000,0x00000007bbd80000,0x00000007c0000000)
 ParOldGen       total 569856K, used 457919K [0x00000006c1a00000, 0x00000006e4680000, 0x000000076b380000)
  object space 569856K, 80% used [0x00000006c1a00000,0x00000006dd92fcf0,0x00000006e4680000)
 Metaspace       used 124112K, capacity 135684K, committed 135808K, reserved 1169408K
  class space    used 14464K, capacity 16422K, committed 16512K, reserved 1048576K
Event: 9596.590 GC heap after
Heap after GC invocations=63 (full 29):
 PSYoungGen      total 1323008K, used 32182K [0x000000076b380000, 0x00000007c0000000, 0x00000007c0000000)
  eden space 1254912K, 0% used [0x000000076b380000,0x000000076b380000,0x00000007b7d00000)
  from space 68096K, 47% used [0x00000007bbd80000,0x00000007bdcedbb8,0x00000007c0000000)
  to   space 66048K, 0% used [0x00000007b7d00000,0x00000007b7d00000,0x00000007bbd80000)
 ParOldGen       total 569856K, used 457927K [0x00000006c1a00000, 0x00000006e4680000, 0x000000076b380000)
  object space 569856K, 80% used [0x00000006c1a00000,0x00000006dd931cf0,0x00000006e4680000)
 Metaspace       used 124112K, capacity 135684K, committed 135808K, reserved 1169408K
  class space    used 14464K, capacity 16422K, committed 16512K, reserved 1048576K
}
Event: 9596.590 GC heap before
{Heap before GC invocations=64 (full 30):
 PSYoungGen      total 1323008K, used 32182K [0x000000076b380000, 0x00000007c0000000, 0x00000007c0000000)
  eden space 1254912K, 0% used [0x000000076b380000,0x000000076b380000,0x00000007b7d00000)
  from space 68096K, 47% used [0x00000007bbd80000,0x00000007bdcedbb8,0x00000007c0000000)
  to   space 66048K, 0% used [0x00000007b7d00000,0x00000007b7d00000,0x00000007bbd80000)
 ParOldGen       total 569856K, used 457927K [0x00000006c1a00000, 0x00000006e4680000, 0x000000076b380000)
  object space 569856K, 80% used [0x00000006c1a00000,0x00000006dd931cf0,0x00000006e4680000)
 Metaspace       used 124112K, capacity 135684K, committed 135808K, reserved 1169408K
  class space    used 14464K, capacity 16422K, committed 16512K, reserved 1048576K
Event: 9598.137 GC heap after
Heap after GC invocations=64 (full 30):
 PSYoungGen      total 1323008K, used 0K [0x000000076b380000, 0x00000007c0000000, 0x00000007c0000000)
  eden space 1254912K, 0% used [0x000000076b380000,0x000000076b380000,0x00000007b7d00000)
  from space 68096K, 0% used [0x00000007bbd80000,0x00000007bbd80000,0x00000007c0000000)
  to   space 66048K, 0% used [0x00000007b7d00000,0x00000007b7d00000,0x00000007bbd80000)
 ParOldGen       total 569856K, used 472704K [0x00000006c1a00000, 0x00000006e4680000, 0x000000076b380000)
  object space 569856K, 82% used [0x00000006c1a00000,0x00000006de7a0158,0x00000006e4680000)
 Metaspace       used 124108K, capacity 135678K, committed 135808K, reserved 1169408K
  class space    used 14464K, capacity 16421K, committed 16512K, reserved 1048576K
}
Event: 9747.046 GC heap before
{Heap before GC invocations=65 (full 30):
 PSYoungGen      total 1323008K, used 1254912K [0x000000076b380000, 0x00000007c0000000, 0x00000007c0000000)
  eden space 1254912K, 100% used [0x000000076b380000,0x00000007b7d00000,0x00000007b7d00000)
  from space 68096K, 0% used [0x00000007bbd80000,0x00000007bbd80000,0x00000007c0000000)
  to   space 66048K, 0% used [0x00000007b7d00000,0x00000007b7d00000,0x00000007bbd80000)
 ParOldGen       total 569856K, used 472704K [0x00000006c1a00000, 0x00000006e4680000, 0x000000076b380000)
  object space 569856K, 82% used [0x00000006c1a00000,0x00000006de7a0158,0x00000006e4680000)
 Metaspace       used 125113K, capacity 136724K, committed 136832K, reserved 1169408K
  class space    used 14535K, capacity 16502K, committed 16512K, reserved 1048576K
Event: 9747.115 GC heap after
Heap after GC invocations=65 (full 30):
 PSYoungGen      total 1289216K, used 34278K [0x000000076b380000, 0x00000007bf900000, 0x00000007c0000000)
  eden space 1254912K, 0% used [0x000000076b380000,0x000000076b380000,0x00000007b7d00000)
  from space 34304K, 99% used [0x00000007b7d00000,0x00000007b9e79808,0x00000007b9e80000)
  to   space 63488K, 0% used [0x00000007bbb00000,0x00000007bbb00000,0x00000007bf900000)
 ParOldGen       total 569856K, used 472712K [0x00000006c1a00000, 0x00000006e4680000, 0x000000076b380000)
  object space 569856K, 82% used [0x00000006c1a00000,0x00000006de7a2158,0x00000006e4680000)
 Metaspace       used 125113K, capacity 136724K, committed 136832K, reserved 1169408K
  class space    used 14535K, capacity 16502K, committed 16512K, reserved 1048576K
}
Event: 9964.802 GC heap before
{Heap before GC invocations=66 (full 30):
 PSYoungGen      total 1289216K, used 417587K [0x000000076b380000, 0x00000007bf900000, 0x00000007c0000000)
  eden space 1254912K, 30% used [0x000000076b380000,0x00000007829d3768,0x00000007b7d00000)
  from space 34304K, 99% used [0x00000007b7d00000,0x00000007b9e79808,0x00000007b9e80000)
  to   space 63488K, 0% used [0x00000007bbb00000,0x00000007bbb00000,0x00000007bf900000)
 ParOldGen       total 569856K, used 472712K [0x00000006c1a00000, 0x00000006e4680000, 0x000000076b380000)
  object space 569856K, 82% used [0x00000006c1a00000,0x00000006de7a2158,0x00000006e4680000)
 Metaspace       used 125137K, capacity 136794K, committed 136832K, reserved 1169408K
  class space    used 14535K, capacity 16504K, committed 16512K, reserved 1048576K
Event: 9964.822 GC heap after
Heap after GC invocations=66 (full 30):
 PSYoungGen      total 1317888K, used 16072K [0x000000076b380000, 0x00000007bfa00000, 0x00000007c0000000)
  eden space 1254400K, 0% used [0x000000076b380000,0x000000076b380000,0x00000007b7c80000)
  from space 63488K, 25% used [0x00000007bbb00000,0x00000007bcab2300,0x00000007bf900000)
  to   space 64000K, 0% used [0x00000007b7c80000,0x00000007b7c80000,0x00000007bbb00000)
 ParOldGen       total 569856K, used 472712K [0x00000006c1a00000, 0x00000006e4680000, 0x000000076b380000)
  object space 569856K, 82% used [0x00000006c1a00000,0x00000006de7a2158,0x00000006e4680000)
 Metaspace       used 125137K, capacity 136794K, committed 136832K, reserved 1169408K
  class space    used 14535K, capacity 16504K, committed 16512K, reserved 1048576K
}
Event: 9964.822 GC heap before
{Heap before GC invocations=67 (full 31):
 PSYoungGen      total 1317888K, used 16072K [0x000000076b380000, 0x00000007bfa00000, 0x00000007c0000000)
  eden space 1254400K, 0% used [0x000000076b380000,0x000000076b380000,0x00000007b7c80000)
  from space 63488K, 25% used [0x00000007bbb00000,0x00000007bcab2300,0x00000007bf900000)
  to   space 64000K, 0% used [0x00000007b7c80000,0x00000007b7c80000,0x00000007bbb00000)
 ParOldGen       total 569856K, used 472712K [0x00000006c1a00000, 0x00000006e4680000, 0x000000076b380000)
  object space 569856K, 82% used [0x00000006c1a00000,0x00000006de7a2158,0x00000006e4680000)
 Metaspace       used 125137K, capacity 136794K, committed 136832K, reserved 1169408K
  class space    used 14535K, capacity 16504K, committed 16512K, reserved 1048576K
Event: 9966.387 GC heap after
Heap after GC invocations=67 (full 31):
 PSYoungGen      total 1317888K, used 0K [0x000000076b380000, 0x00000007bfa00000, 0x00000007c0000000)
  eden space 1254400K, 0% used [0x000000076b380000,0x000000076b380000,0x00000007b7c80000)
  from space 63488K, 0% used [0x00000007bbb00000,0x00000007bbb00000,0x00000007bf900000)
  to   space 64000K, 0% used [0x00000007b7c80000,0x00000007b7c80000,0x00000007bbb00000)
 ParOldGen       total 569856K, used 472435K [0x00000006c1a00000, 0x00000006e4680000, 0x000000076b380000)
  object space 569856K, 82% used [0x00000006c1a00000,0x00000006de75cff0,0x00000006e4680000)
 Metaspace       used 125133K, capacity 136788K, committed 136832K, reserved 1169408K
  class space    used 14535K, capacity 16503K, committed 16512K, reserved 1048576K
}

